<?xml version="1.0" encoding="UTF-8"?>
<testsuite xmlns:xsi="http://www.w3.org/2001/XMLSchema-instance" xsi:noNamespaceSchemaLocation="https://maven.apache.org/surefire/maven-surefire-plugin/xsd/surefire-test-report.xsd" name="testRunner.TestRunner" time="4.527" tests="1" errors="1" skipped="0" failures="0">
  <properties>
[...]
</properties>
  <testcase name="Search, Add to Cart, and Validate Product Price" classname="Amazon Shopping Cart Validation" time="3.361">
    <error message="Could not start a new session. Response code 500. Message: session not created: This version of ChromeDriver only supports Chrome version 114&#10;Current browser version is 130.0.6723.70 with binary path C:\Program Files\Google\Chrome\Application\chrome.exe&#10;Build info: version: &apos;4.0.0&apos;, revision: &apos;3a21814679&apos;&#10;System info: host: &apos;DESKTOP-6P9HV1O&apos;, ip: &apos;192.168.18.17&apos;, os.name: &apos;Windows 10&apos;, os.arch: &apos;amd64&apos;, os.version: &apos;10.0&apos;, java.version: &apos;11.0.22&apos;&#10;Driver info: org.openqa.selenium.chrome.ChromeDriver&#10;Command: [null, newSession {capabilities=[Capabilities {browserName: chrome, goog:chromeOptions: {args: [--start-maximized], extensions: []}}], desiredCapabilities=Capabilities {browserName: chrome, goog:chromeOptions: {args: [--start-maximized], extensions: []}}}]" type="org.openqa.selenium.SessionNotCreatedException">org.openqa.selenium.SessionNotCreatedException: 
Could not start a new session. Response code 500. Message: session not created: This version of ChromeDriver only supports Chrome version 114
Current browser version is 130.0.6723.70 with binary path C:\Program Files\Google\Chrome\Application\chrome.exe
Build info: version: '4.0.0', revision: '3a21814679'
System info: host: 'DESKTOP-6P9HV1O', ip: '192.168.18.17', os.name: 'Windows 10', os.arch: 'amd64', os.version: '10.0', java.version: '11.0.22'
Driver info: org.openqa.selenium.chrome.ChromeDriver
Command: [null, newSession {capabilities=[Capabilities {browserName: chrome, goog:chromeOptions: {args: [--start-maximized], extensions: []}}], desiredCapabilities=Capabilities {browserName: chrome, goog:chromeOptions: {args: [--start-maximized], extensions: []}}}]
</error>
    <system-out><![CDATA[
Scenario: Search, Add to Cart, and Validate Product Price                                            &amp#27;[90m# src/test/resources/features/Amazon/Amazon.feature:3&amp#27;[0m
  &amp#27;[31mGiven &amp#27;[0m&amp#27;[31mI navigate to &amp#27;[0m&amp#27;[31m&amp#27;[1m"https://www.amazon.com"&amp#27;[0m                                                       &amp#27;[90m# stepDefinitions.Amazonsteps.i_navigate_to(java.lang.String)&amp#27;[0m
      &amp#27;[31morg.openqa.selenium.SessionNotCreatedException: Could not start a new session. Response code 500. Message: session not created: This version of ChromeDriver only supports Chrome version 114
Current browser version is 130.0.6723.70 with binary path C:\Program Files\Google\Chrome\Application\chrome.exe
Build info: version: '4.0.0', revision: '3a21814679'
System info: host: 'DESKTOP-6P9HV1O', ip: '192.168.18.17', os.name: 'Windows 10', os.arch: 'amd64', os.version: '10.0', java.version: '11.0.22'
Driver info: org.openqa.selenium.chrome.ChromeDriver
Command: [null, newSession {capabilities=[Capabilities {browserName: chrome, goog:chromeOptions: {args: [--start-maximized], extensions: []}}], desiredCapabilities=Capabilities {browserName: chrome, goog:chromeOptions: {args: [--start-maximized], extensions: []}}}]
	at org.openqa.selenium.remote.ProtocolHandshake.createSession(ProtocolHandshake.java:126)
	at org.openqa.selenium.remote.ProtocolHandshake.createSession(ProtocolHandshake.java:84)
	at org.openqa.selenium.remote.ProtocolHandshake.createSession(ProtocolHandshake.java:62)
	at org.openqa.selenium.remote.HttpCommandExecutor.execute(HttpCommandExecutor.java:156)
	at org.openqa.selenium.remote.service.DriverCommandExecutor.invokeExecute(DriverCommandExecutor.java:164)
	at org.openqa.selenium.remote.service.DriverCommandExecutor.execute(DriverCommandExecutor.java:139)
	at org.openqa.selenium.remote.RemoteWebDriver.execute(RemoteWebDriver.java:559)
	at org.openqa.selenium.remote.RemoteWebDriver.startSession(RemoteWebDriver.java:246)
	at org.openqa.selenium.remote.RemoteWebDriver.<init>(RemoteWebDriver.java:168)
	at org.openqa.selenium.chromium.ChromiumDriver.<init>(ChromiumDriver.java:108)
	at org.openqa.selenium.chrome.ChromeDriver.<init>(ChromeDriver.java:104)
	at org.openqa.selenium.chrome.ChromeDriver.<init>(ChromeDriver.java:91)
	at org.openqa.selenium.chrome.ChromeDriver.<init>(ChromeDriver.java:80)
	at stepDefinitions.Amazonsteps.i_navigate_to(Amazonsteps.java:29)
	at âœ½.I navigate to "https://www.amazon.com"(file:///C:/Users/Lenovo/NextgenTest/amazonproduct/src/test/resources/features/Amazon/Amazon.feature:4)
&amp#27;[0m
  &amp#27;[36mWhen &amp#27;[0m&amp#27;[36mI search for &amp#27;[0m&amp#27;[36m&amp#27;[1m"toys"&amp#27;[0m                                                                           &amp#27;[90m# stepDefinitions.Amazonsteps.i_search_for(java.lang.String)&amp#27;[0m
  &amp#27;[36mAnd &amp#27;[0m&amp#27;[36mI select two random products and add them to the cart&amp#27;[0m                                          &amp#27;[90m# stepDefinitions.Amazonsteps.i_select_two_random_products_and_add_them_to_the_cart()&amp#27;[0m
  &amp#27;[36mThen &amp#27;[0m&amp#27;[36mI validate the price on the Search Results page, Product Details page, and Total Summary page&amp#27;[0m &amp#27;[90m# stepDefinitions.Amazonsteps.i_validate_price_on_search_details_summary_page()&amp#27;[0m
]]></system-out>
    <system-err><![CDATA[SLF4J(W): No SLF4J providers were found.
SLF4J(W): Defaulting to no-operation (NOP) logger implementation
SLF4J(W): See https://www.slf4j.org/codes.html#noProviders for further details.
Starting ChromeDriver 114.0.5735.90 (386bc09e8f4f2e025eddae123f36f6263096ae49-refs/branch-heads/5735@{#1052}) on port 52325
Only local connections are allowed.
Please see https://chromedriver.chromium.org/security-considerations for suggestions on keeping ChromeDriver safe.
ChromeDriver was started successfully.
]]></system-err>
  </testcase>
</testsuite>